<?xml version="1.0" encoding="UTF-8"?>
<!-- Generated by org.testng.reporters.JUnitXMLReporter -->
<testsuite hostname="DESKTOP-SHS08M3" ignored="0" name="Default test" tests="5" failures="0" timestamp="02 May 2018 07:45:47 GMT" time="33.732" errors="0">
  <testcase name="test" time="3.677" classname="Datadriven.TerstExcelwithhasttable"/>
  <testcase name="test" time="3.152" classname="Datadriven.TerstExcelwithhasttable"/>
  <testcase name="test" time="8.93" classname="Datadriven.TerstExcelwithhasttable"/>
  <testcase name="test" time="8.34" classname="Datadriven.TerstExcelwithhasttable"/>
  <testcase name="test" time="8.531" classname="Datadriven.TerstExcelwithhasttable"/>
</testsuite> <!-- Default test -->
