<?xml version="1.0" encoding="UTF-8"?>
<testng-results skipped="0" failed="0" ignored="0" total="5" passed="5">
  <reporter-output>
  </reporter-output>
  <suite name="Default suite" duration-ms="33732" started-at="2018-05-02T07:45:13Z" finished-at="2018-05-02T07:45:47Z">
    <groups>
    </groups>
    <test name="Default test" duration-ms="33732" started-at="2018-05-02T07:45:13Z" finished-at="2018-05-02T07:45:47Z">
      <class name="Datadriven.TerstExcelwithhasttable">
        <test-method status="PASS" signature="launch()[pri:0, instance:Datadriven.TerstExcelwithhasttable@6093dd95]" name="launch" is-config="true" duration-ms="7771" started-at="2018-05-02T13:15:05Z" finished-at="2018-05-02T13:15:13Z">
          <reporter-output>
          </reporter-output>
        </test-method> <!-- launch -->
        <test-method status="PASS" signature="test(java.util.Hashtable)[pri:0, instance:Datadriven.TerstExcelwithhasttable@6093dd95]" name="test" duration-ms="3677" started-at="2018-05-02T13:15:14Z" data-provider="getdata" finished-at="2018-05-02T13:15:18Z">
          <params>
            <param index="0">
              <value>
                <![CDATA[{password=sunil123, username=sunil}]]>
              </value>
            </param>
          </params>
          <reporter-output>
          </reporter-output>
        </test-method> <!-- test -->
        <test-method status="PASS" signature="test(java.util.Hashtable)[pri:0, instance:Datadriven.TerstExcelwithhasttable@6093dd95]" name="test" duration-ms="3152" started-at="2018-05-02T13:15:18Z" data-provider="getdata" finished-at="2018-05-02T13:15:21Z">
          <params>
            <param index="0">
              <value>
                <![CDATA[{password=Rajiu13, username=Raju}]]>
              </value>
            </param>
          </params>
          <reporter-output>
          </reporter-output>
        </test-method> <!-- test -->
        <test-method status="PASS" signature="test(java.util.Hashtable)[pri:0, instance:Datadriven.TerstExcelwithhasttable@6093dd95]" name="test" duration-ms="8930" started-at="2018-05-02T13:15:21Z" data-provider="getdata" finished-at="2018-05-02T13:15:30Z">
          <params>
            <param index="0">
              <value>
                <![CDATA[{password=kiran123, username=Kran}]]>
              </value>
            </param>
          </params>
          <reporter-output>
          </reporter-output>
        </test-method> <!-- test -->
        <test-method status="PASS" signature="test(java.util.Hashtable)[pri:0, instance:Datadriven.TerstExcelwithhasttable@6093dd95]" name="test" duration-ms="8340" started-at="2018-05-02T13:15:30Z" data-provider="getdata" finished-at="2018-05-02T13:15:38Z">
          <params>
            <param index="0">
              <value>
                <![CDATA[{password=sagar, username=sagar}]]>
              </value>
            </param>
          </params>
          <reporter-output>
          </reporter-output>
        </test-method> <!-- test -->
        <test-method status="PASS" signature="test(java.util.Hashtable)[pri:0, instance:Datadriven.TerstExcelwithhasttable@6093dd95]" name="test" duration-ms="8531" started-at="2018-05-02T13:15:38Z" data-provider="getdata" finished-at="2018-05-02T13:15:47Z">
          <params>
            <param index="0">
              <value>
                <![CDATA[{password=rakesh123, username=rakesh}]]>
              </value>
            </param>
          </params>
          <reporter-output>
          </reporter-output>
        </test-method> <!-- test -->
      </class> <!-- Datadriven.TerstExcelwithhasttable -->
    </test> <!-- Default test -->
  </suite> <!-- Default suite -->
</testng-results>
